<?xml version="1.0" encoding="UTF-8"?>
<!-- Generated by org.testng.reporters.JUnitReportReporter -->
<testsuite hostname="Himanshus-MacBook-Air.local" failures="0" tests="6" name="TestCases.DashboardPageTest" time="76.440" errors="0" timestamp="2022-11-20T11:37:36 IST" skipped="0">
  <testcase classname="TestCases.DashboardPageTest" name="validateMyTimeSheetLauncher" time="10.081"/>
  <system-out/>
  <testcase classname="TestCases.DashboardPageTest" name="validateTimeSheetLauncher" time="9.758"/>
  <system-out/>
  <testcase classname="TestCases.DashboardPageTest" name="validateLeaveListLauncher" time="17.258"/>
  <system-out/>
  <testcase classname="TestCases.DashboardPageTest" name="validateApplyLeaveLauncher" time="10.668"/>
  <system-out/>
  <testcase classname="TestCases.DashboardPageTest" name="validateAssignLeaveLauncher" time="18.715"/>
  <system-out/>
  <testcase classname="TestCases.DashboardPageTest" name="validateMyLeaveLauncher" time="9.960"/>
  <system-out/>
</testsuite> <!-- TestCases.DashboardPageTest -->
