<?xml version="1.0" encoding="UTF-8"?>
<!-- Generated by org.testng.reporters.JUnitReportReporter -->
<testsuite hostname="Himanshus-MacBook-Air.local" failures="0" tests="1" name="XMLtest.NewWindow" time="80.969" errors="0" timestamp="2022-11-13T10:22:50 IST" skipped="0">
  <testcase classname="XMLtest.NewWindow" name="Window" time="80.969"/>
  <system-out/>
</testsuite> <!-- XMLtest.NewWindow -->
