<?xml version="1.0" encoding="UTF-8"?>
<!-- Generated by org.testng.reporters.JUnitReportReporter -->
<testsuite hostname="Himanshus-MacBook-Air.local" failures="0" tests="2" name="TestNGMaven.TestVerify" time="0.013" errors="0" timestamp="2022-11-13T10:22:50 IST" skipped="0">
  <testcase classname="TestNGMaven.TestVerify" name="validateLogo" time="0.010"/>
  <system-out/>
  <testcase classname="TestNGMaven.TestVerify" name="validateTitle" time="0.003"/>
  <system-out/>
</testsuite> <!-- TestNGMaven.TestVerify -->
