<?xml version="1.0" encoding="UTF-8"?>
<!-- Generated by org.testng.reporters.JUnitReportReporter -->
<testsuite hostname="Himanshus-MacBook-Air.local" failures="0" tests="3" name="TestNGMaven.PriorityDemo" time="0.025" errors="0" timestamp="2022-11-07T19:37:25 IST" skipped="0">
  <testcase classname="TestNGMaven.PriorityDemo" name="charlie" time="0.004"/>
  <system-out/>
  <testcase classname="TestNGMaven.PriorityDemo" name="bravo" time="0.018"/>
  <system-out/>
  <testcase classname="TestNGMaven.PriorityDemo" name="alpha" time="0.003"/>
  <system-out/>
</testsuite> <!-- TestNGMaven.PriorityDemo -->
