<?xml version="1.0" encoding="UTF-8"?>
<!-- Generated by org.testng.reporters.JUnitReportReporter -->
<testsuite hostname="Himanshus-MacBook-Air.local" failures="0" tests="3" name="TestNGMaven.DataProviderDemo" time="13.113" errors="0" timestamp="2022-11-13T09:52:27 IST" skipped="0">
  <testcase classname="TestNGMaven.DataProviderDemo" name="loginTest" time="3.776"/>
  <system-out/>
  <testcase classname="TestNGMaven.DataProviderDemo" name="loginTest" time="3.801"/>
  <system-out/>
  <testcase classname="TestNGMaven.DataProviderDemo" name="loginTest" time="5.536"/>
  <system-out/>
</testsuite> <!-- TestNGMaven.DataProviderDemo -->
