<?xml version="1.0" encoding="UTF-8"?>
<!-- Generated by org.testng.reporters.JUnitReportReporter -->
<testsuite hostname="Himanshus-MacBook-Air.local" failures="0" tests="1" name="XMLtest.MouseHover" time="102.334" errors="0" timestamp="2022-11-13T10:22:50 IST" skipped="0">
  <testcase classname="XMLtest.MouseHover" name="Hover" time="102.334"/>
  <system-out/>
</testsuite> <!-- XMLtest.MouseHover -->
