<?xml version="1.0" encoding="UTF-8"?>
<!-- Generated by org.testng.reporters.JUnitReportReporter -->
<testsuite hostname="Himanshus-MacBook-Air.local" failures="0" tests="1" name="TestNGMaven.ParametersTest" time="5.857" errors="0" timestamp="2022-11-09T16:42:55 IST" skipped="0">
  <testcase classname="TestNGMaven.ParametersTest" name="inputLogin" time="5.857"/>
  <system-out/>
</testsuite> <!-- TestNGMaven.ParametersTest -->
