<?xml version="1.0" encoding="UTF-8"?>
<!-- Generated by org.testng.reporters.JUnitReportReporter -->
<testsuite hostname="Himanshus-MacBook-Air.local" failures="0" tests="2" name="TestNGMaven.TestFacebook" time="0.022" errors="0" timestamp="2022-11-07T18:02:24 IST" skipped="0">
  <testcase classname="TestNGMaven.TestFacebook" name="validateLogo" time="0.015"/>
  <system-out/>
  <testcase classname="TestNGMaven.TestFacebook" name="validateTitle" time="0.007"/>
  <system-out/>
</testsuite> <!-- TestNGMaven.TestFacebook -->
