<?xml version="1.0" encoding="UTF-8"?>
<!-- Generated by org.testng.reporters.JUnitReportReporter -->
<testsuite hostname="Himanshus-MacBook-Air.local" failures="0" tests="1" name="TestNGMaven.Parameters" time="5.503" errors="0" timestamp="2022-11-09T15:40:46 IST" skipped="0">
  <testcase classname="TestNGMaven.Parameters" name="inputLogin" time="5.503"/>
  <system-out/>
</testsuite> <!-- TestNGMaven.Parameters -->
