<?xml version="1.0" encoding="UTF-8"?>
<!-- Generated by org.testng.reporters.JUnitReportReporter -->
<testsuite hostname="Himanshus-MacBook-Air.local" failures="0" tests="1" name="XMLtest.OrangeHRM" time="48.140" errors="0" timestamp="2022-11-13T10:22:50 IST" skipped="0">
  <testcase classname="XMLtest.OrangeHRM" name="HRM" time="48.140"/>
  <system-out/>
</testsuite> <!-- XMLtest.OrangeHRM -->
