<?xml version="1.0" encoding="UTF-8"?>
<!-- Generated by org.testng.reporters.JUnitReportReporter -->
<testsuite hostname="Himanshus-MacBook-Air.local" failures="0" tests="6" name="TestCases.DashboardPageTest" time="57.610" errors="0" timestamp="2022-11-20T10:38:48 IST" skipped="0">
  <testcase classname="TestCases.DashboardPageTest" name="validateApplyLeaveLauncher" time="7.173"/>
  <system-out/>
  <testcase classname="TestCases.DashboardPageTest" name="validateAssignLeaveLauncher" time="20.346"/>
  <system-out/>
  <testcase classname="TestCases.DashboardPageTest" name="validateTimeSheetLauncher" time="7.586"/>
  <system-out/>
  <testcase classname="TestCases.DashboardPageTest" name="validateLeaveListLauncher" time="7.319"/>
  <system-out/>
  <testcase classname="TestCases.DashboardPageTest" name="validateMyLeaveLauncher" time="7.748"/>
  <system-out/>
  <testcase classname="TestCases.DashboardPageTest" name="validateMyTimeSheetLauncher" time="7.438"/>
  <system-out/>
</testsuite> <!-- TestCases.DashboardPageTest -->
