<?xml version="1.0" encoding="UTF-8"?>
<!-- Generated by org.testng.reporters.JUnitReportReporter -->
<testsuite hostname="Himanshus-MacBook-Air.local" failures="0" tests="1" name="TestCases.LoginPageTest" time="14.295" errors="0" timestamp="2022-11-19T11:21:18 IST" skipped="0">
  <testcase classname="TestCases.LoginPageTest" name="validateLogin" time="14.295"/>
  <system-out/>
</testsuite> <!-- TestCases.LoginPageTest -->
