<?xml version="1.0" encoding="UTF-8"?>
<testsuite xmlns:xsi="http://www.w3.org/2001/XMLSchema-instance" xsi:noNamespaceSchemaLocation="https://maven.apache.org/surefire/maven-surefire-plugin/xsd/surefire-test-report-3.0.xsd" version="3.0" name="TestSuite" time="78.64" tests="6" errors="0" skipped="0" failures="0">
  <properties>
    <property name="java.specification.version" value="17"/>
    <property name="webdriver.chrome.driver" value="/Users/jeetpandya/.cache/selenium/chromedriver/mac64/107.0.5304.62/chromedriver"/>
    <property name="sun.jnu.encoding" value="UTF-8"/>
    <property name="java.class.path" value="/Users/jeetpandya/Desktop/TESTAPPS/Workspace/TDDFrameworkDemo/target/test-classes:/Users/jeetpandya/Desktop/TESTAPPS/Workspace/TDDFrameworkDemo/target/classes:/Users/jeetpandya/.m2/repository/org/seleniumhq/selenium/selenium-java/4.5.0/selenium-java-4.5.0.jar:/Users/jeetpandya/.m2/repository/org/seleniumhq/selenium/selenium-api/4.5.0/selenium-api-4.5.0.jar:/Users/jeetpandya/.m2/repository/org/seleniumhq/selenium/selenium-chrome-driver/4.5.0/selenium-chrome-driver-4.5.0.jar:/Users/jeetpandya/.m2/repository/com/google/auto/service/auto-service-annotations/1.0.1/auto-service-annotations-1.0.1.jar:/Users/jeetpandya/.m2/repository/com/google/auto/service/auto-service/1.0.1/auto-service-1.0.1.jar:/Users/jeetpandya/.m2/repository/com/google/auto/auto-common/1.2/auto-common-1.2.jar:/Users/jeetpandya/.m2/repository/com/google/guava/guava/31.1-jre/guava-31.1-jre.jar:/Users/jeetpandya/.m2/repository/com/google/guava/failureaccess/1.0.1/failureaccess-1.0.1.jar:/Users/jeetpandya/.m2/repository/com/google/guava/listenablefuture/9999.0-empty-to-avoid-conflict-with-guava/listenablefuture-9999.0-empty-to-avoid-conflict-with-guava.jar:/Users/jeetpandya/.m2/repository/org/checkerframework/checker-qual/3.12.0/checker-qual-3.12.0.jar:/Users/jeetpandya/.m2/repository/com/google/errorprone/error_prone_annotations/2.11.0/error_prone_annotations-2.11.0.jar:/Users/jeetpandya/.m2/repository/com/google/j2objc/j2objc-annotations/1.3/j2objc-annotations-1.3.jar:/Users/jeetpandya/.m2/repository/org/seleniumhq/selenium/selenium-chromium-driver/4.5.0/selenium-chromium-driver-4.5.0.jar:/Users/jeetpandya/.m2/repository/org/seleniumhq/selenium/selenium-json/4.5.0/selenium-json-4.5.0.jar:/Users/jeetpandya/.m2/repository/org/seleniumhq/selenium/selenium-devtools-v104/4.5.0/selenium-devtools-v104-4.5.0.jar:/Users/jeetpandya/.m2/repository/org/seleniumhq/selenium/selenium-devtools-v105/4.5.0/selenium-devtools-v105-4.5.0.jar:/Users/jeetpandya/.m2/repository/org/seleniumhq/selenium/selenium-devtools-v106/4.5.0/selenium-devtools-v106-4.5.0.jar:/Users/jeetpandya/.m2/repository/org/seleniumhq/selenium/selenium-devtools-v85/4.5.0/selenium-devtools-v85-4.5.0.jar:/Users/jeetpandya/.m2/repository/org/seleniumhq/selenium/selenium-edge-driver/4.5.0/selenium-edge-driver-4.5.0.jar:/Users/jeetpandya/.m2/repository/org/seleniumhq/selenium/selenium-firefox-driver/4.5.0/selenium-firefox-driver-4.5.0.jar:/Users/jeetpandya/.m2/repository/org/seleniumhq/selenium/selenium-ie-driver/4.5.0/selenium-ie-driver-4.5.0.jar:/Users/jeetpandya/.m2/repository/org/seleniumhq/selenium/selenium-remote-driver/4.5.0/selenium-remote-driver-4.5.0.jar:/Users/jeetpandya/.m2/repository/io/netty/netty-buffer/4.1.79.Final/netty-buffer-4.1.79.Final.jar:/Users/jeetpandya/.m2/repository/io/netty/netty-codec-http/4.1.79.Final/netty-codec-http-4.1.79.Final.jar:/Users/jeetpandya/.m2/repository/io/netty/netty-codec/4.1.79.Final/netty-codec-4.1.79.Final.jar:/Users/jeetpandya/.m2/repository/io/netty/netty-handler/4.1.79.Final/netty-handler-4.1.79.Final.jar:/Users/jeetpandya/.m2/repository/io/netty/netty-common/4.1.79.Final/netty-common-4.1.79.Final.jar:/Users/jeetpandya/.m2/repository/io/netty/netty-transport-classes-epoll/4.1.79.Final/netty-transport-classes-epoll-4.1.79.Final.jar:/Users/jeetpandya/.m2/repository/io/netty/netty-transport-classes-kqueue/4.1.79.Final/netty-transport-classes-kqueue-4.1.79.Final.jar:/Users/jeetpandya/.m2/repository/io/netty/netty-transport-native-epoll/4.1.79.Final/netty-transport-native-epoll-4.1.79.Final.jar:/Users/jeetpandya/.m2/repository/io/netty/netty-transport-native-kqueue/4.1.79.Final/netty-transport-native-kqueue-4.1.79.Final.jar:/Users/jeetpandya/.m2/repository/io/netty/netty-transport-native-unix-common/4.1.79.Final/netty-transport-native-unix-common-4.1.79.Final.jar:/Users/jeetpandya/.m2/repository/io/netty/netty-transport/4.1.79.Final/netty-transport-4.1.79.Final.jar:/Users/jeetpandya/.m2/repository/io/netty/netty-resolver/4.1.79.Final/netty-resolver-4.1.79.Final.jar:/Users/jeetpandya/.m2/repository/io/opentelemetry/opentelemetry-api/1.17.0/opentelemetry-api-1.17.0.jar:/Users/jeetpandya/.m2/repository/io/opentelemetry/opentelemetry-context/1.17.0/opentelemetry-context-1.17.0.jar:/Users/jeetpandya/.m2/repository/io/opentelemetry/opentelemetry-exporter-logging/1.17.0/opentelemetry-exporter-logging-1.17.0.jar:/Users/jeetpandya/.m2/repository/io/opentelemetry/opentelemetry-sdk-metrics/1.17.0/opentelemetry-sdk-metrics-1.17.0.jar:/Users/jeetpandya/.m2/repository/io/opentelemetry/opentelemetry-sdk-logs/1.17.0-alpha/opentelemetry-sdk-logs-1.17.0-alpha.jar:/Users/jeetpandya/.m2/repository/io/opentelemetry/opentelemetry-sdk-common/1.17.0/opentelemetry-sdk-common-1.17.0.jar:/Users/jeetpandya/.m2/repository/io/opentelemetry/opentelemetry-sdk-extension-autoconfigure-spi/1.17.0/opentelemetry-sdk-extension-autoconfigure-spi-1.17.0.jar:/Users/jeetpandya/.m2/repository/io/opentelemetry/opentelemetry-sdk-extension-autoconfigure/1.17.0-alpha/opentelemetry-sdk-extension-autoconfigure-1.17.0-alpha.jar:/Users/jeetpandya/.m2/repository/io/opentelemetry/opentelemetry-exporter-common/1.17.0/opentelemetry-exporter-common-1.17.0.jar:/Users/jeetpandya/.m2/repository/io/opentelemetry/opentelemetry-sdk-trace/1.17.0/opentelemetry-sdk-trace-1.17.0.jar:/Users/jeetpandya/.m2/repository/io/opentelemetry/opentelemetry-sdk/1.17.0/opentelemetry-sdk-1.17.0.jar:/Users/jeetpandya/.m2/repository/io/opentelemetry/opentelemetry-semconv/1.17.0-alpha/opentelemetry-semconv-1.17.0-alpha.jar:/Users/jeetpandya/.m2/repository/io/ous/jtoml/2.0.0/jtoml-2.0.0.jar:/Users/jeetpandya/.m2/repository/net/bytebuddy/byte-buddy/1.12.14/byte-buddy-1.12.14.jar:/Users/jeetpandya/.m2/repository/org/apache/commons/commons-exec/1.3/commons-exec-1.3.jar:/Users/jeetpandya/.m2/repository/org/asynchttpclient/async-http-client/2.12.3/async-http-client-2.12.3.jar:/Users/jeetpandya/.m2/repository/org/asynchttpclient/async-http-client-netty-utils/2.12.3/async-http-client-netty-utils-2.12.3.jar:/Users/jeetpandya/.m2/repository/io/netty/netty-codec-socks/4.1.60.Final/netty-codec-socks-4.1.60.Final.jar:/Users/jeetpandya/.m2/repository/io/netty/netty-handler-proxy/4.1.60.Final/netty-handler-proxy-4.1.60.Final.jar:/Users/jeetpandya/.m2/repository/io/netty/netty-transport-native-epoll/4.1.60.Final/netty-transport-native-epoll-4.1.60.Final-linux-x86_64.jar:/Users/jeetpandya/.m2/repository/io/netty/netty-transport-native-kqueue/4.1.60.Final/netty-transport-native-kqueue-4.1.60.Final-osx-x86_64.jar:/Users/jeetpandya/.m2/repository/org/reactivestreams/reactive-streams/1.0.3/reactive-streams-1.0.3.jar:/Users/jeetpandya/.m2/repository/com/typesafe/netty/netty-reactive-streams/2.0.4/netty-reactive-streams-2.0.4.jar:/Users/jeetpandya/.m2/repository/com/sun/activation/jakarta.activation/1.2.2/jakarta.activation-1.2.2.jar:/Users/jeetpandya/.m2/repository/org/seleniumhq/selenium/selenium-http/4.5.0/selenium-http-4.5.0.jar:/Users/jeetpandya/.m2/repository/dev/failsafe/failsafe/3.2.4/failsafe-3.2.4.jar:/Users/jeetpandya/.m2/repository/org/seleniumhq/selenium/selenium-safari-driver/4.5.0/selenium-safari-driver-4.5.0.jar:/Users/jeetpandya/.m2/repository/org/seleniumhq/selenium/selenium-support/4.5.0/selenium-support-4.5.0.jar:/Users/jeetpandya/.m2/repository/io/github/bonigarcia/webdrivermanager/5.3.0/webdrivermanager-5.3.0.jar:/Users/jeetpandya/.m2/repository/org/slf4j/slf4j-api/1.7.36/slf4j-api-1.7.36.jar:/Users/jeetpandya/.m2/repository/com/google/code/gson/gson/2.9.1/gson-2.9.1.jar:/Users/jeetpandya/.m2/repository/com/github/docker-java/docker-java/3.2.13/docker-java-3.2.13.jar:/Users/jeetpandya/.m2/repository/com/github/docker-java/docker-java-core/3.2.13/docker-java-core-3.2.13.jar:/Users/jeetpandya/.m2/repository/com/github/docker-java/docker-java-api/3.2.13/docker-java-api-3.2.13.jar:/Users/jeetpandya/.m2/repository/com/fasterxml/jackson/core/jackson-annotations/2.10.3/jackson-annotations-2.10.3.jar:/Users/jeetpandya/.m2/repository/com/fasterxml/jackson/core/jackson-databind/2.10.3/jackson-databind-2.10.3.jar:/Users/jeetpandya/.m2/repository/com/fasterxml/jackson/core/jackson-core/2.10.3/jackson-core-2.10.3.jar:/Users/jeetpandya/.m2/repository/org/bouncycastle/bcpkix-jdk15on/1.64/bcpkix-jdk15on-1.64.jar:/Users/jeetpandya/.m2/repository/org/bouncycastle/bcprov-jdk15on/1.64/bcprov-jdk15on-1.64.jar:/Users/jeetpandya/.m2/repository/org/slf4j/jcl-over-slf4j/1.7.30/jcl-over-slf4j-1.7.30.jar:/Users/jeetpandya/.m2/repository/com/github/docker-java/docker-java-transport-httpclient5/3.2.13/docker-java-transport-httpclient5-3.2.13.jar:/Users/jeetpandya/.m2/repository/com/github/docker-java/docker-java-transport/3.2.13/docker-java-transport-3.2.13.jar:/Users/jeetpandya/.m2/repository/net/java/dev/jna/jna/5.8.0/jna-5.8.0.jar:/Users/jeetpandya/.m2/repository/org/brotli/dec/0.1.2/dec-0.1.2.jar:/Users/jeetpandya/.m2/repository/org/apache/commons/commons-lang3/3.12.0/commons-lang3-3.12.0.jar:/Users/jeetpandya/.m2/repository/org/apache/httpcomponents/client5/httpclient5/5.1.3/httpclient5-5.1.3.jar:/Users/jeetpandya/.m2/repository/org/apache/httpcomponents/core5/httpcore5/5.1.3/httpcore5-5.1.3.jar:/Users/jeetpandya/.m2/repository/org/apache/httpcomponents/core5/httpcore5-h2/5.1.3/httpcore5-h2-5.1.3.jar:/Users/jeetpandya/.m2/repository/org/testng/testng/7.6.1/testng-7.6.1.jar:/Users/jeetpandya/.m2/repository/com/google/code/findbugs/jsr305/3.0.2/jsr305-3.0.2.jar:/Users/jeetpandya/.m2/repository/com/beust/jcommander/1.82/jcommander-1.82.jar:/Users/jeetpandya/.m2/repository/org/webjars/jquery/3.6.0/jquery-3.6.0.jar:/Users/jeetpandya/.m2/repository/org/apache/poi/poi/5.2.2/poi-5.2.2.jar:/Users/jeetpandya/.m2/repository/commons-codec/commons-codec/1.15/commons-codec-1.15.jar:/Users/jeetpandya/.m2/repository/org/apache/commons/commons-collections4/4.4/commons-collections4-4.4.jar:/Users/jeetpandya/.m2/repository/org/apache/commons/commons-math3/3.6.1/commons-math3-3.6.1.jar:/Users/jeetpandya/.m2/repository/commons-io/commons-io/2.11.0/commons-io-2.11.0.jar:/Users/jeetpandya/.m2/repository/com/zaxxer/SparseBitSet/1.2/SparseBitSet-1.2.jar:/Users/jeetpandya/.m2/repository/org/apache/logging/log4j/log4j-api/2.17.2/log4j-api-2.17.2.jar:/Users/jeetpandya/.m2/repository/org/apache/poi/poi-ooxml/5.2.2/poi-ooxml-5.2.2.jar:/Users/jeetpandya/.m2/repository/org/apache/poi/poi-ooxml-lite/5.2.2/poi-ooxml-lite-5.2.2.jar:/Users/jeetpandya/.m2/repository/org/apache/xmlbeans/xmlbeans/5.0.3/xmlbeans-5.0.3.jar:/Users/jeetpandya/.m2/repository/org/apache/commons/commons-compress/1.21/commons-compress-1.21.jar:/Users/jeetpandya/.m2/repository/com/github/virtuald/curvesapi/1.07/curvesapi-1.07.jar:"/>
    <property name="java.vm.vendor" value="Oracle Corporation"/>
    <property name="sun.arch.data.model" value="64"/>
    <property name="java.vendor.url" value="https://java.oracle.com/"/>
    <property name="user.timezone" value="Asia/Kolkata"/>
    <property name="os.name" value="Mac OS X"/>
    <property name="java.vm.specification.version" value="17"/>
    <property name="sun.java.launcher" value="SUN_STANDARD"/>
    <property name="user.country" value="IN"/>
    <property name="sun.boot.library.path" value="/Library/Java/JavaVirtualMachines/jdk-17.0.4.1.jdk/Contents/Home/lib"/>
    <property name="sun.java.command" value="/Users/jeetpandya/Desktop/TESTAPPS/Workspace/TDDFrameworkDemo/target/surefire/surefirebooter-20221120113616802_3.jar /Users/jeetpandya/Desktop/TESTAPPS/Workspace/TDDFrameworkDemo/target/surefire 2022-11-20T11-36-16_038-jvmRun1 surefire-20221120113616802_1tmp surefire_0-20221120113616802_2tmp"/>
    <property name="http.nonProxyHosts" value="local|*.local|169.254/16|*.169.254/16"/>
    <property name="jdk.debug" value="release"/>
    <property name="surefire.test.class.path" value="/Users/jeetpandya/Desktop/TESTAPPS/Workspace/TDDFrameworkDemo/target/test-classes:/Users/jeetpandya/Desktop/TESTAPPS/Workspace/TDDFrameworkDemo/target/classes:/Users/jeetpandya/.m2/repository/org/seleniumhq/selenium/selenium-java/4.5.0/selenium-java-4.5.0.jar:/Users/jeetpandya/.m2/repository/org/seleniumhq/selenium/selenium-api/4.5.0/selenium-api-4.5.0.jar:/Users/jeetpandya/.m2/repository/org/seleniumhq/selenium/selenium-chrome-driver/4.5.0/selenium-chrome-driver-4.5.0.jar:/Users/jeetpandya/.m2/repository/com/google/auto/service/auto-service-annotations/1.0.1/auto-service-annotations-1.0.1.jar:/Users/jeetpandya/.m2/repository/com/google/auto/service/auto-service/1.0.1/auto-service-1.0.1.jar:/Users/jeetpandya/.m2/repository/com/google/auto/auto-common/1.2/auto-common-1.2.jar:/Users/jeetpandya/.m2/repository/com/google/guava/guava/31.1-jre/guava-31.1-jre.jar:/Users/jeetpandya/.m2/repository/com/google/guava/failureaccess/1.0.1/failureaccess-1.0.1.jar:/Users/jeetpandya/.m2/repository/com/google/guava/listenablefuture/9999.0-empty-to-avoid-conflict-with-guava/listenablefuture-9999.0-empty-to-avoid-conflict-with-guava.jar:/Users/jeetpandya/.m2/repository/org/checkerframework/checker-qual/3.12.0/checker-qual-3.12.0.jar:/Users/jeetpandya/.m2/repository/com/google/errorprone/error_prone_annotations/2.11.0/error_prone_annotations-2.11.0.jar:/Users/jeetpandya/.m2/repository/com/google/j2objc/j2objc-annotations/1.3/j2objc-annotations-1.3.jar:/Users/jeetpandya/.m2/repository/org/seleniumhq/selenium/selenium-chromium-driver/4.5.0/selenium-chromium-driver-4.5.0.jar:/Users/jeetpandya/.m2/repository/org/seleniumhq/selenium/selenium-json/4.5.0/selenium-json-4.5.0.jar:/Users/jeetpandya/.m2/repository/org/seleniumhq/selenium/selenium-devtools-v104/4.5.0/selenium-devtools-v104-4.5.0.jar:/Users/jeetpandya/.m2/repository/org/seleniumhq/selenium/selenium-devtools-v105/4.5.0/selenium-devtools-v105-4.5.0.jar:/Users/jeetpandya/.m2/repository/org/seleniumhq/selenium/selenium-devtools-v106/4.5.0/selenium-devtools-v106-4.5.0.jar:/Users/jeetpandya/.m2/repository/org/seleniumhq/selenium/selenium-devtools-v85/4.5.0/selenium-devtools-v85-4.5.0.jar:/Users/jeetpandya/.m2/repository/org/seleniumhq/selenium/selenium-edge-driver/4.5.0/selenium-edge-driver-4.5.0.jar:/Users/jeetpandya/.m2/repository/org/seleniumhq/selenium/selenium-firefox-driver/4.5.0/selenium-firefox-driver-4.5.0.jar:/Users/jeetpandya/.m2/repository/org/seleniumhq/selenium/selenium-ie-driver/4.5.0/selenium-ie-driver-4.5.0.jar:/Users/jeetpandya/.m2/repository/org/seleniumhq/selenium/selenium-remote-driver/4.5.0/selenium-remote-driver-4.5.0.jar:/Users/jeetpandya/.m2/repository/io/netty/netty-buffer/4.1.79.Final/netty-buffer-4.1.79.Final.jar:/Users/jeetpandya/.m2/repository/io/netty/netty-codec-http/4.1.79.Final/netty-codec-http-4.1.79.Final.jar:/Users/jeetpandya/.m2/repository/io/netty/netty-codec/4.1.79.Final/netty-codec-4.1.79.Final.jar:/Users/jeetpandya/.m2/repository/io/netty/netty-handler/4.1.79.Final/netty-handler-4.1.79.Final.jar:/Users/jeetpandya/.m2/repository/io/netty/netty-common/4.1.79.Final/netty-common-4.1.79.Final.jar:/Users/jeetpandya/.m2/repository/io/netty/netty-transport-classes-epoll/4.1.79.Final/netty-transport-classes-epoll-4.1.79.Final.jar:/Users/jeetpandya/.m2/repository/io/netty/netty-transport-classes-kqueue/4.1.79.Final/netty-transport-classes-kqueue-4.1.79.Final.jar:/Users/jeetpandya/.m2/repository/io/netty/netty-transport-native-epoll/4.1.79.Final/netty-transport-native-epoll-4.1.79.Final.jar:/Users/jeetpandya/.m2/repository/io/netty/netty-transport-native-kqueue/4.1.79.Final/netty-transport-native-kqueue-4.1.79.Final.jar:/Users/jeetpandya/.m2/repository/io/netty/netty-transport-native-unix-common/4.1.79.Final/netty-transport-native-unix-common-4.1.79.Final.jar:/Users/jeetpandya/.m2/repository/io/netty/netty-transport/4.1.79.Final/netty-transport-4.1.79.Final.jar:/Users/jeetpandya/.m2/repository/io/netty/netty-resolver/4.1.79.Final/netty-resolver-4.1.79.Final.jar:/Users/jeetpandya/.m2/repository/io/opentelemetry/opentelemetry-api/1.17.0/opentelemetry-api-1.17.0.jar:/Users/jeetpandya/.m2/repository/io/opentelemetry/opentelemetry-context/1.17.0/opentelemetry-context-1.17.0.jar:/Users/jeetpandya/.m2/repository/io/opentelemetry/opentelemetry-exporter-logging/1.17.0/opentelemetry-exporter-logging-1.17.0.jar:/Users/jeetpandya/.m2/repository/io/opentelemetry/opentelemetry-sdk-metrics/1.17.0/opentelemetry-sdk-metrics-1.17.0.jar:/Users/jeetpandya/.m2/repository/io/opentelemetry/opentelemetry-sdk-logs/1.17.0-alpha/opentelemetry-sdk-logs-1.17.0-alpha.jar:/Users/jeetpandya/.m2/repository/io/opentelemetry/opentelemetry-sdk-common/1.17.0/opentelemetry-sdk-common-1.17.0.jar:/Users/jeetpandya/.m2/repository/io/opentelemetry/opentelemetry-sdk-extension-autoconfigure-spi/1.17.0/opentelemetry-sdk-extension-autoconfigure-spi-1.17.0.jar:/Users/jeetpandya/.m2/repository/io/opentelemetry/opentelemetry-sdk-extension-autoconfigure/1.17.0-alpha/opentelemetry-sdk-extension-autoconfigure-1.17.0-alpha.jar:/Users/jeetpandya/.m2/repository/io/opentelemetry/opentelemetry-exporter-common/1.17.0/opentelemetry-exporter-common-1.17.0.jar:/Users/jeetpandya/.m2/repository/io/opentelemetry/opentelemetry-sdk-trace/1.17.0/opentelemetry-sdk-trace-1.17.0.jar:/Users/jeetpandya/.m2/repository/io/opentelemetry/opentelemetry-sdk/1.17.0/opentelemetry-sdk-1.17.0.jar:/Users/jeetpandya/.m2/repository/io/opentelemetry/opentelemetry-semconv/1.17.0-alpha/opentelemetry-semconv-1.17.0-alpha.jar:/Users/jeetpandya/.m2/repository/io/ous/jtoml/2.0.0/jtoml-2.0.0.jar:/Users/jeetpandya/.m2/repository/net/bytebuddy/byte-buddy/1.12.14/byte-buddy-1.12.14.jar:/Users/jeetpandya/.m2/repository/org/apache/commons/commons-exec/1.3/commons-exec-1.3.jar:/Users/jeetpandya/.m2/repository/org/asynchttpclient/async-http-client/2.12.3/async-http-client-2.12.3.jar:/Users/jeetpandya/.m2/repository/org/asynchttpclient/async-http-client-netty-utils/2.12.3/async-http-client-netty-utils-2.12.3.jar:/Users/jeetpandya/.m2/repository/io/netty/netty-codec-socks/4.1.60.Final/netty-codec-socks-4.1.60.Final.jar:/Users/jeetpandya/.m2/repository/io/netty/netty-handler-proxy/4.1.60.Final/netty-handler-proxy-4.1.60.Final.jar:/Users/jeetpandya/.m2/repository/io/netty/netty-transport-native-epoll/4.1.60.Final/netty-transport-native-epoll-4.1.60.Final-linux-x86_64.jar:/Users/jeetpandya/.m2/repository/io/netty/netty-transport-native-kqueue/4.1.60.Final/netty-transport-native-kqueue-4.1.60.Final-osx-x86_64.jar:/Users/jeetpandya/.m2/repository/org/reactivestreams/reactive-streams/1.0.3/reactive-streams-1.0.3.jar:/Users/jeetpandya/.m2/repository/com/typesafe/netty/netty-reactive-streams/2.0.4/netty-reactive-streams-2.0.4.jar:/Users/jeetpandya/.m2/repository/com/sun/activation/jakarta.activation/1.2.2/jakarta.activation-1.2.2.jar:/Users/jeetpandya/.m2/repository/org/seleniumhq/selenium/selenium-http/4.5.0/selenium-http-4.5.0.jar:/Users/jeetpandya/.m2/repository/dev/failsafe/failsafe/3.2.4/failsafe-3.2.4.jar:/Users/jeetpandya/.m2/repository/org/seleniumhq/selenium/selenium-safari-driver/4.5.0/selenium-safari-driver-4.5.0.jar:/Users/jeetpandya/.m2/repository/org/seleniumhq/selenium/selenium-support/4.5.0/selenium-support-4.5.0.jar:/Users/jeetpandya/.m2/repository/io/github/bonigarcia/webdrivermanager/5.3.0/webdrivermanager-5.3.0.jar:/Users/jeetpandya/.m2/repository/org/slf4j/slf4j-api/1.7.36/slf4j-api-1.7.36.jar:/Users/jeetpandya/.m2/repository/com/google/code/gson/gson/2.9.1/gson-2.9.1.jar:/Users/jeetpandya/.m2/repository/com/github/docker-java/docker-java/3.2.13/docker-java-3.2.13.jar:/Users/jeetpandya/.m2/repository/com/github/docker-java/docker-java-core/3.2.13/docker-java-core-3.2.13.jar:/Users/jeetpandya/.m2/repository/com/github/docker-java/docker-java-api/3.2.13/docker-java-api-3.2.13.jar:/Users/jeetpandya/.m2/repository/com/fasterxml/jackson/core/jackson-annotations/2.10.3/jackson-annotations-2.10.3.jar:/Users/jeetpandya/.m2/repository/com/fasterxml/jackson/core/jackson-databind/2.10.3/jackson-databind-2.10.3.jar:/Users/jeetpandya/.m2/repository/com/fasterxml/jackson/core/jackson-core/2.10.3/jackson-core-2.10.3.jar:/Users/jeetpandya/.m2/repository/org/bouncycastle/bcpkix-jdk15on/1.64/bcpkix-jdk15on-1.64.jar:/Users/jeetpandya/.m2/repository/org/bouncycastle/bcprov-jdk15on/1.64/bcprov-jdk15on-1.64.jar:/Users/jeetpandya/.m2/repository/org/slf4j/jcl-over-slf4j/1.7.30/jcl-over-slf4j-1.7.30.jar:/Users/jeetpandya/.m2/repository/com/github/docker-java/docker-java-transport-httpclient5/3.2.13/docker-java-transport-httpclient5-3.2.13.jar:/Users/jeetpandya/.m2/repository/com/github/docker-java/docker-java-transport/3.2.13/docker-java-transport-3.2.13.jar:/Users/jeetpandya/.m2/repository/net/java/dev/jna/jna/5.8.0/jna-5.8.0.jar:/Users/jeetpandya/.m2/repository/org/brotli/dec/0.1.2/dec-0.1.2.jar:/Users/jeetpandya/.m2/repository/org/apache/commons/commons-lang3/3.12.0/commons-lang3-3.12.0.jar:/Users/jeetpandya/.m2/repository/org/apache/httpcomponents/client5/httpclient5/5.1.3/httpclient5-5.1.3.jar:/Users/jeetpandya/.m2/repository/org/apache/httpcomponents/core5/httpcore5/5.1.3/httpcore5-5.1.3.jar:/Users/jeetpandya/.m2/repository/org/apache/httpcomponents/core5/httpcore5-h2/5.1.3/httpcore5-h2-5.1.3.jar:/Users/jeetpandya/.m2/repository/org/testng/testng/7.6.1/testng-7.6.1.jar:/Users/jeetpandya/.m2/repository/com/google/code/findbugs/jsr305/3.0.2/jsr305-3.0.2.jar:/Users/jeetpandya/.m2/repository/com/beust/jcommander/1.82/jcommander-1.82.jar:/Users/jeetpandya/.m2/repository/org/webjars/jquery/3.6.0/jquery-3.6.0.jar:/Users/jeetpandya/.m2/repository/org/apache/poi/poi/5.2.2/poi-5.2.2.jar:/Users/jeetpandya/.m2/repository/commons-codec/commons-codec/1.15/commons-codec-1.15.jar:/Users/jeetpandya/.m2/repository/org/apache/commons/commons-collections4/4.4/commons-collections4-4.4.jar:/Users/jeetpandya/.m2/repository/org/apache/commons/commons-math3/3.6.1/commons-math3-3.6.1.jar:/Users/jeetpandya/.m2/repository/commons-io/commons-io/2.11.0/commons-io-2.11.0.jar:/Users/jeetpandya/.m2/repository/com/zaxxer/SparseBitSet/1.2/SparseBitSet-1.2.jar:/Users/jeetpandya/.m2/repository/org/apache/logging/log4j/log4j-api/2.17.2/log4j-api-2.17.2.jar:/Users/jeetpandya/.m2/repository/org/apache/poi/poi-ooxml/5.2.2/poi-ooxml-5.2.2.jar:/Users/jeetpandya/.m2/repository/org/apache/poi/poi-ooxml-lite/5.2.2/poi-ooxml-lite-5.2.2.jar:/Users/jeetpandya/.m2/repository/org/apache/xmlbeans/xmlbeans/5.0.3/xmlbeans-5.0.3.jar:/Users/jeetpandya/.m2/repository/org/apache/commons/commons-compress/1.21/commons-compress-1.21.jar:/Users/jeetpandya/.m2/repository/com/github/virtuald/curvesapi/1.07/curvesapi-1.07.jar:"/>
    <property name="sun.cpu.endian" value="little"/>
    <property name="user.home" value="/Users/jeetpandya"/>
    <property name="user.language" value="en"/>
    <property name="java.specification.vendor" value="Oracle Corporation"/>
    <property name="java.version.date" value="2022-08-18"/>
    <property name="java.home" value="/Library/Java/JavaVirtualMachines/jdk-17.0.4.1.jdk/Contents/Home"/>
    <property name="file.separator" value="/"/>
    <property name="basedir" value="/Users/jeetpandya/Desktop/TESTAPPS/Workspace/TDDFrameworkDemo"/>
    <property name="java.vm.compressedOopsMode" value="Zero based"/>
    <property name="line.separator" value="&#10;"/>
    <property name="java.vm.specification.vendor" value="Oracle Corporation"/>
    <property name="java.specification.name" value="Java Platform API Specification"/>
    <property name="surefire.real.class.path" value="/Users/jeetpandya/Desktop/TESTAPPS/Workspace/TDDFrameworkDemo/target/surefire/surefirebooter-20221120113616802_3.jar"/>
    <property name="sun.management.compiler" value="HotSpot 64-Bit Tiered Compilers"/>
    <property name="ftp.nonProxyHosts" value="local|*.local|169.254/16|*.169.254/16"/>
    <property name="java.runtime.version" value="17.0.4.1+1-LTS-2"/>
    <property name="user.name" value="jeetpandya"/>
    <property name="path.separator" value=":"/>
    <property name="os.version" value="12.6.1"/>
    <property name="java.runtime.name" value="Java(TM) SE Runtime Environment"/>
    <property name="file.encoding" value="UTF-8"/>
    <property name="java.vm.name" value="Java HotSpot(TM) 64-Bit Server VM"/>
    <property name="localRepository" value="/Users/jeetpandya/.m2/repository"/>
    <property name="java.vendor.url.bug" value="https://bugreport.java.com/bugreport/"/>
    <property name="java.io.tmpdir" value="/var/folders/9w/zbsff6bd2tgf95lw5d9y1qrw0000gp/T/"/>
    <property name="java.version" value="17.0.4.1"/>
    <property name="user.dir" value="/Users/jeetpandya/Desktop/TESTAPPS/Workspace/TDDFrameworkDemo"/>
    <property name="os.arch" value="x86_64"/>
    <property name="java.vm.specification.name" value="Java Virtual Machine Specification"/>
    <property name="native.encoding" value="UTF-8"/>
    <property name="java.library.path" value="/Users/jeetpandya/Library/Java/Extensions:/Library/Java/Extensions:/Network/Library/Java/Extensions:/System/Library/Java/Extensions:/usr/lib/java:."/>
    <property name="java.vm.info" value="mixed mode, sharing"/>
    <property name="java.vendor" value="Oracle Corporation"/>
    <property name="java.vm.version" value="17.0.4.1+1-LTS-2"/>
    <property name="sun.io.unicode.encoding" value="UnicodeBig"/>
    <property name="socksNonProxyHosts" value="local|*.local|169.254/16|*.169.254/16"/>
    <property name="java.class.version" value="61.0"/>
  </properties>
  <testcase name="validateApplyLeaveLauncher" classname="TestCases.DashboardPageTest" time="0.01">
    <system-err><![CDATA[SLF4J: Failed to load class "org.slf4j.impl.StaticLoggerBinder".
SLF4J: Defaulting to no-operation (NOP) logger implementation
SLF4J: See http://www.slf4j.org/codes.html#StaticLoggerBinder for further details.
ERROR StatusLogger Log4j2 could not find a logging implementation. Please add log4j-core to the classpath. Using SimpleLogger to log to the console...
Starting ChromeDriver 107.0.5304.62 (1eec40d3a5764881c92085aaee66d25075c159aa-refs/branch-heads/5304@{#942}) on port 65420
Only local connections are allowed.
Please see https://chromedriver.chromium.org/security-considerations for suggestions on keeping ChromeDriver safe.
ChromeDriver was started successfully.
Nov 20, 2022 11:36:30 AM org.openqa.selenium.remote.ProtocolHandshake createSession
INFO: Detected upstream dialect: W3C
Nov 20, 2022 11:36:31 AM org.openqa.selenium.devtools.CdpVersionFinder findNearestMatch
WARNING: Unable to find an exact match for CDP version 107, so returning the closest version found: 106
Nov 20, 2022 11:36:31 AM org.openqa.selenium.devtools.CdpVersionFinder findNearestMatch
INFO: Found CDP implementation for version 107 of 106
]]></system-err>
  </testcase>
  <testcase name="validateAssignLeaveLauncher" classname="TestCases.DashboardPageTest" time="8.456">
    <system-err><![CDATA[Starting ChromeDriver 107.0.5304.62 (1eec40d3a5764881c92085aaee66d25075c159aa-refs/branch-heads/5304@{#942}) on port 50302
Only local connections are allowed.
Please see https://chromedriver.chromium.org/security-considerations for suggestions on keeping ChromeDriver safe.
ChromeDriver was started successfully.
Nov 20, 2022 11:36:40 AM org.openqa.selenium.remote.ProtocolHandshake createSession
INFO: Detected upstream dialect: W3C
Nov 20, 2022 11:36:40 AM org.openqa.selenium.devtools.CdpVersionFinder findNearestMatch
WARNING: Unable to find an exact match for CDP version 107, so returning the closest version found: 106
Nov 20, 2022 11:36:40 AM org.openqa.selenium.devtools.CdpVersionFinder findNearestMatch
INFO: Found CDP implementation for version 107 of 106
]]></system-err>
  </testcase>
  <testcase name="validateLeaveListLauncher" classname="TestCases.DashboardPageTest" time="0.001">
    <system-err><![CDATA[Starting ChromeDriver 107.0.5304.62 (1eec40d3a5764881c92085aaee66d25075c159aa-refs/branch-heads/5304@{#942}) on port 52213
Only local connections are allowed.
Please see https://chromedriver.chromium.org/security-considerations for suggestions on keeping ChromeDriver safe.
ChromeDriver was started successfully.
Nov 20, 2022 11:36:59 AM org.openqa.selenium.remote.ProtocolHandshake createSession
INFO: Detected upstream dialect: W3C
Nov 20, 2022 11:36:59 AM org.openqa.selenium.devtools.CdpVersionFinder findNearestMatch
WARNING: Unable to find an exact match for CDP version 107, so returning the closest version found: 106
Nov 20, 2022 11:36:59 AM org.openqa.selenium.devtools.CdpVersionFinder findNearestMatch
INFO: Found CDP implementation for version 107 of 106
]]></system-err>
  </testcase>
  <testcase name="validateMyLeaveLauncher" classname="TestCases.DashboardPageTest" time="0">
    <system-err><![CDATA[Starting ChromeDriver 107.0.5304.62 (1eec40d3a5764881c92085aaee66d25075c159aa-refs/branch-heads/5304@{#942}) on port 52948
Only local connections are allowed.
Please see https://chromedriver.chromium.org/security-considerations for suggestions on keeping ChromeDriver safe.
ChromeDriver was started successfully.
Nov 20, 2022 11:37:09 AM org.openqa.selenium.remote.ProtocolHandshake createSession
INFO: Detected upstream dialect: W3C
Nov 20, 2022 11:37:09 AM org.openqa.selenium.devtools.CdpVersionFinder findNearestMatch
WARNING: Unable to find an exact match for CDP version 107, so returning the closest version found: 106
Nov 20, 2022 11:37:09 AM org.openqa.selenium.devtools.CdpVersionFinder findNearestMatch
INFO: Found CDP implementation for version 107 of 106
]]></system-err>
  </testcase>
  <testcase name="validateMyTimeSheetLauncher" classname="TestCases.DashboardPageTest" time="0">
    <system-err><![CDATA[Starting ChromeDriver 107.0.5304.62 (1eec40d3a5764881c92085aaee66d25075c159aa-refs/branch-heads/5304@{#942}) on port 50328
Only local connections are allowed.
Please see https://chromedriver.chromium.org/security-considerations for suggestions on keeping ChromeDriver safe.
ChromeDriver was started successfully.
Nov 20, 2022 11:37:19 AM org.openqa.selenium.remote.ProtocolHandshake createSession
INFO: Detected upstream dialect: W3C
Nov 20, 2022 11:37:19 AM org.openqa.selenium.devtools.CdpVersionFinder findNearestMatch
WARNING: Unable to find an exact match for CDP version 107, so returning the closest version found: 106
Nov 20, 2022 11:37:19 AM org.openqa.selenium.devtools.CdpVersionFinder findNearestMatch
INFO: Found CDP implementation for version 107 of 106
]]></system-err>
  </testcase>
  <testcase name="validateTimeSheetLauncher" classname="TestCases.DashboardPageTest" time="0">
    <system-err><![CDATA[Starting ChromeDriver 107.0.5304.62 (1eec40d3a5764881c92085aaee66d25075c159aa-refs/branch-heads/5304@{#942}) on port 60157
Only local connections are allowed.
Please see https://chromedriver.chromium.org/security-considerations for suggestions on keeping ChromeDriver safe.
ChromeDriver was started successfully.
Nov 20, 2022 11:37:29 AM org.openqa.selenium.remote.ProtocolHandshake createSession
INFO: Detected upstream dialect: W3C
Nov 20, 2022 11:37:30 AM org.openqa.selenium.devtools.CdpVersionFinder findNearestMatch
WARNING: Unable to find an exact match for CDP version 107, so returning the closest version found: 106
Nov 20, 2022 11:37:30 AM org.openqa.selenium.devtools.CdpVersionFinder findNearestMatch
INFO: Found CDP implementation for version 107 of 106
]]></system-err>
  </testcase>
</testsuite>